 16.722565 seconds (729.41 M allocations: 47.059 GiB, 5.60% gc time)
  5.411451 seconds (230.95 M allocations: 14.676 GiB, 8.10% gc time)
 19.299196 seconds (799.72 M allocations: 52.162 GiB, 10.28% gc time)
 57.513387 seconds (2.31 G allocations: 149.540 GiB, 14.06% gc time)
121.926200 seconds (4.72 G allocations: 306.203 GiB, 17.07% gc time)
 93.602309 seconds (3.63 G allocations: 232.799 GiB, 17.21% gc time)
 26.104646 seconds (1.00 G allocations: 64.229 GiB, 17.58% gc time)
 89.340879 seconds (3.44 G allocations: 219.535 GiB, 17.88% gc time)
 54.541151 seconds (2.08 G allocations: 135.778 GiB, 17.77% gc time)
 52.141015 seconds (1.97 G allocations: 129.247 GiB, 17.89% gc time)
 66.175540 seconds (2.52 G allocations: 162.649 GiB, 18.46% gc time)
 80.447304 seconds (3.03 G allocations: 197.867 GiB, 18.56% gc time)
 27.322763 seconds (1.03 G allocations: 65.906 GiB, 18.79% gc time)
 16.099511 seconds (601.72 M allocations: 39.202 GiB, 18.82% gc time)
109.693282 seconds (4.08 G allocations: 267.548 GiB, 19.02% gc time)
153.188080 seconds (5.74 G allocations: 367.300 GiB, 19.90% gc time)
  5.675981 seconds (210.46 M allocations: 13.344 GiB, 19.87% gc time)
 66.814398 seconds (2.78 G allocations: 181.829 GiB, 9.25% gc time)
 27.089161 seconds (1.08 G allocations: 69.373 GiB, 13.76% gc time)
 92.840644 seconds (3.65 G allocations: 234.909 GiB, 15.73% gc time)
 15.357699 seconds (595.88 M allocations: 38.413 GiB, 16.54% gc time)
  5.424429 seconds (210.46 M allocations: 13.344 GiB, 16.53% gc time)
 25.863084 seconds (998.18 M allocations: 63.985 GiB, 16.71% gc time)
324.051054 seconds (12.98 G allocations: 839.688 GiB, 14.19% gc time)
 34.374425 seconds (1.35 G allocations: 85.808 GiB, 16.38% gc time)
 77.672389 seconds (2.98 G allocations: 194.220 GiB, 16.98% gc time)
 16.378543 seconds (628.56 M allocations: 40.498 GiB, 17.34% gc time)
 19.605226 seconds (755.34 M allocations: 48.842 GiB, 16.70% gc time)
 32.880301 seconds (1.41 G allocations: 90.590 GiB, 7.42% gc time)
 32.333734 seconds (1.31 G allocations: 84.401 GiB, 12.19% gc time)
part1(24) = [1, 0, 4, 5, 5, 4, 1, 1, 8, 6, 3, 15, 1, 5, 9, 3, 0, 5, 0, 6, 1, 0, 0, 6, 2, 6, 0, 1, 3, 0]
